Add Component: Footprint Not Found C0603
Add Component: Footprint Not Found SMD J6.3
Add Component: Footprint Not Found C0603
Add Component: Footprint Not Found C0603
Add Component: Footprint Not Found C0603
Add Component: Footprint Not Found C0603
Add Component: Footprint Not Found C0603
Add Component: Footprint Not Found C0603
Add Component: Footprint Not Found C0603
Add Component: Footprint Not Found C0603
Add Component: Footprint Not Found D0805
Add Component: Footprint Not Found D0805
Add Component: Footprint Not Found D0805
Add Component: Footprint Not Found D0805
Add Component: Footprint Not Found D0805
Add Component: Footprint Not Found DIOM5225X250N
Add Component: Footprint Not Found DIOM5225X250N
Add Component: Footprint Not Found HEADER 50MIL 10POS MALE
Add Component: Footprint Not Found 1716020000
Add Component: Footprint Not Found 1716020000
Add Component: Footprint Not Found 1716020000
Add Component: Footprint Not Found L0603
Add Component: Footprint Not Found L0805
Add Component: Footprint Not Found L0805
Add Component: Footprint Not Found L0805
Add Component: Footprint Not Found L0603
Add Component: Footprint Not Found SOT-23-3
Add Component: Footprint Not Found SOT-23-3
Add Component: Footprint Not Found SOT-23-3
Add Component: Footprint Not Found SOT-23-3
Add Component: Footprint Not Found R0603
Add Component: Footprint Not Found R0603
Add Component: Footprint Not Found R0603
Add Component: Footprint Not Found R0603
Add Component: Footprint Not Found R0603
Add Component: Footprint Not Found R0603
Add Component: Footprint Not Found R0603
Add Component: Footprint Not Found ECS - 4-SMD, No Lead
Add Pin To Net: Unknown Pin: Pin C7-1
Add Pin To Net: Unknown Pin: Pin C7-2
Add Pin To Net: Unknown Pin: Pin C8-A
Add Pin To Net: Unknown Pin: Pin C8-K
Add Pin To Net: Unknown Pin: Pin C12-1
Add Pin To Net: Unknown Pin: Pin C12-2
Add Pin To Net: Unknown Pin: Pin C13-1
Add Pin To Net: Unknown Pin: Pin C13-2
Add Pin To Net: Unknown Pin: Pin C14-1
Add Pin To Net: Unknown Pin: Pin C14-2
Add Pin To Net: Unknown Pin: Pin C15-1
Add Pin To Net: Unknown Pin: Pin C15-2
Add Pin To Net: Unknown Pin: Pin C18-1
Add Pin To Net: Unknown Pin: Pin C18-2
Add Pin To Net: Unknown Pin: Pin C19-1
Add Pin To Net: Unknown Pin: Pin C19-2
Add Pin To Net: Unknown Pin: Pin C20-1
Add Pin To Net: Unknown Pin: Pin C20-2
Add Pin To Net: Unknown Pin: Pin C21-1
Add Pin To Net: Unknown Pin: Pin C21-2
Add Pin To Net: Unknown Pin: Pin D1-A
Add Pin To Net: Unknown Pin: Pin D1-K
Add Pin To Net: Unknown Pin: Pin D2-A
Add Pin To Net: Unknown Pin: Pin D2-K
Add Pin To Net: Unknown Pin: Pin D3-A
Add Pin To Net: Unknown Pin: Pin D3-K
Add Pin To Net: Unknown Pin: Pin D4-A
Add Pin To Net: Unknown Pin: Pin D4-K
Add Pin To Net: Unknown Pin: Pin D5-A
Add Pin To Net: Unknown Pin: Pin D5-K
Add Pin To Net: Unknown Pin: Pin D6-A
Add Pin To Net: Unknown Pin: Pin D6-C
Add Pin To Net: Unknown Pin: Pin D7-A
Add Pin To Net: Unknown Pin: Pin D7-C
Add Pin To Net: Unknown Pin: Pin J2-1
Add Pin To Net: Unknown Pin: Pin J2-2
Add Pin To Net: Unknown Pin: Pin J2-3
Add Pin To Net: Unknown Pin: Pin J2-4
Add Pin To Net: Unknown Pin: Pin J2-5
Add Pin To Net: Unknown Pin: Pin J2-6
Add Pin To Net: Unknown Pin: Pin J2-7
Add Pin To Net: Unknown Pin: Pin J2-8
Add Pin To Net: Unknown Pin: Pin J2-9
Add Pin To Net: Unknown Pin: Pin J2-10
Add Pin To Net: Unknown Pin: Pin J3-1
Add Pin To Net: Unknown Pin: Pin J3-2
Add Pin To Net: Unknown Pin: Pin J4-1
Add Pin To Net: Unknown Pin: Pin J4-2
Add Pin To Net: Unknown Pin: Pin J5-1
Add Pin To Net: Unknown Pin: Pin J5-2
Add Pin To Net: Unknown Pin: Pin L1-1
Add Pin To Net: Unknown Pin: Pin L1-2
Add Pin To Net: Unknown Pin: Pin L3-1
Add Pin To Net: Unknown Pin: Pin L3-2
Add Pin To Net: Unknown Pin: Pin L4-1
Add Pin To Net: Unknown Pin: Pin L4-2
Add Pin To Net: Unknown Pin: Pin L5-1
Add Pin To Net: Unknown Pin: Pin L5-2
Add Pin To Net: Unknown Pin: Pin L6-1
Add Pin To Net: Unknown Pin: Pin L6-2
Add Pin To Net: Unknown Pin: Pin Q1-1
Add Pin To Net: Unknown Pin: Pin Q1-2
Add Pin To Net: Unknown Pin: Pin Q1-3
Add Pin To Net: Unknown Pin: Pin Q2-1
Add Pin To Net: Unknown Pin: Pin Q2-2
Add Pin To Net: Unknown Pin: Pin Q2-3
Add Pin To Net: Unknown Pin: Pin Q3-1
Add Pin To Net: Unknown Pin: Pin Q3-2
Add Pin To Net: Unknown Pin: Pin Q3-3
Add Pin To Net: Unknown Pin: Pin Q4-1
Add Pin To Net: Unknown Pin: Pin Q4-2
Add Pin To Net: Unknown Pin: Pin Q4-3
Add Pin To Net: Unknown Pin: Pin R16-1
Add Pin To Net: Unknown Pin: Pin R16-2
Add Pin To Net: Unknown Pin: Pin R17-1
Add Pin To Net: Unknown Pin: Pin R17-2
Add Pin To Net: Unknown Pin: Pin R19-1
Add Pin To Net: Unknown Pin: Pin R19-2
Add Pin To Net: Unknown Pin: Pin R20-1
Add Pin To Net: Unknown Pin: Pin R20-2
Add Pin To Net: Unknown Pin: Pin R21-1
Add Pin To Net: Unknown Pin: Pin R21-2
Add Pin To Net: Unknown Pin: Pin R22-1
Add Pin To Net: Unknown Pin: Pin R22-2
Add Pin To Net: Unknown Pin: Pin R23-1
Add Pin To Net: Unknown Pin: Pin R23-2
Add Pin To Net: Unknown Pin: Pin Y1-1
Add Pin To Net: Unknown Pin: Pin Y1-2
Add Pin To Net: Unknown Pin: Pin Y1-3
Add Pin To Net: Unknown Pin: Pin Y1-4
Add Class Member: Failed to add class member : Component C7 GRM188R71C104KA01D
Add Class Member: Failed to add class member : Component C8 UCL1C101MCL6GS
Add Class Member: Failed to add class member : Component C12 GRM188R71C104KA01D
Add Class Member: Failed to add class member : Component C13 GRM188R71C104KA01D
Add Class Member: Failed to add class member : Component C14 GRM188R71C104KA01D
Add Class Member: Failed to add class member : Component C15 GRM188R71C104KA01D
Add Class Member: Failed to add class member : Component C18 GRM188R71C104KA01D
Add Class Member: Failed to add class member : Component C19 GRM188R71C104KA01D
Add Class Member: Failed to add class member : Component C20 GRM188R71C104KA01D
Add Class Member: Failed to add class member : Component C21 GRM188R60J106ME47D
Add Class Member: Failed to add class member : Component D1 SML-LXR85GC-TR
Add Class Member: Failed to add class member : Component D2 SML-LXR85GC-TR
Add Class Member: Failed to add class member : Component D3 SML-LXR85GC-TR
Add Class Member: Failed to add class member : Component D4 SML-LXR85GC-TR
Add Class Member: Failed to add class member : Component D5 SML-LXR85GC-TR
Add Class Member: Failed to add class member : Component D6 CDBA340L-HF
Add Class Member: Failed to add class member : Component D7 CDBA340L-HF
Add Class Member: Failed to add class member : Component J2 GRPB052MWCN-RC
Add Class Member: Failed to add class member : Component J3 1716020000
Add Class Member: Failed to add class member : Component J4 1716020000
Add Class Member: Failed to add class member : Component J5 1716020000
Add Class Member: Failed to add class member : Component L1 MMZ1608B601C
Add Class Member: Failed to add class member : Component L3 BLM21PG221SN1D
Add Class Member: Failed to add class member : Component L4 BLM21PG221SN1D
Add Class Member: Failed to add class member : Component L5 BLM21PG221SN1D
Add Class Member: Failed to add class member : Component L6 MMZ1608B601C
Add Class Member: Failed to add class member : Component Q1 SI2302-TP
Add Class Member: Failed to add class member : Component Q2 FDV301N
Add Class Member: Failed to add class member : Component Q3 SI2302-TP
Add Class Member: Failed to add class member : Component Q4 FDV301N
Add Class Member: Failed to add class member : Component R16 ERJ-3GEYJ202V
Add Class Member: Failed to add class member : Component R17 ERJ-3GEYJ103V
Add Class Member: Failed to add class member : Component R19 ERJ-3EKF3301V
Add Class Member: Failed to add class member : Component R20 ERJ-3GEYJ202V
Add Class Member: Failed to add class member : Component R21 ERJ-3GEYJ103V
Add Class Member: Failed to add class member : Component R22 ERJ-3GEYJ202V
Add Class Member: Failed to add class member : Component R23 ERJ-3EKF3301V
Add Class Member: Failed to add class member : Component Y1 490-18333-1-ND
Added Room: Name=U_Altimiter_SCH
Added Room: Name=U_Connection_SCH
Added Room: Name=U_Ejection_SCH
Added Room: Name=U_IMU_SCH
Added Room: Name=U_MCU_SCH
Added Room: Name=U_Memory_SCH
Added Room: Name=U_PCU_SCH
Added Room: Name=U_USB_SCH
