Change Net Color : Old Net Color=RGB(158, 161, 117) New Net Color=RGB(230, 145, 56)
Change Net Color : Old Net Color=RGB(158, 161, 117) New Net Color=RGB(230, 145, 56)
Change Net Color : Old Net Color=RGB(158, 161, 117) New Net Color=RGB(224, 102, 102)
Change Net Color : Old Net Color=RGB(158, 161, 117) New Net Color=RGB(234, 153, 153)
Change Net Color : Old Net Color=RGB(158, 161, 117) New Net Color=Lime
Change Net Color : Old Net Color=RGB(158, 161, 117) New Net Color=Lime
Change Net Color : Old Net Color=RGB(158, 161, 117) New Net Color=Lime
Change Net Color : Old Net Color=RGB(158, 161, 117) New Net Color=Lime
Change Net Color : Old Net Color=RGB(158, 161, 117) New Net Color=Red
Change Net Color : Old Net Color=RGB(158, 161, 117) New Net Color=RGB(102, 0, 0)
Change Net Color : Old Net Color=RGB(158, 161, 117) New Net Color=Red
Change Net Color : Old Net Color=RGB(158, 161, 117) New Net Color=RGB(102, 0, 0)
Change Net Color : Old Net Color=RGB(158, 161, 117) New Net Color=RGB(39, 78, 19)
Change Net Color : Old Net Color=RGB(158, 161, 117) New Net Color=Aqua
Change Net Color : Old Net Color=RGB(158, 161, 117) New Net Color=Aqua
Change Net Color : Old Net Color=RGB(158, 161, 117) New Net Color=Aqua
Change Net Color : Old Net Color=RGB(158, 161, 117) New Net Color=Aqua
Change Net Color : Old Net Color=RGB(158, 161, 117) New Net Color=Aqua
Change Net Color : Old Net Color=RGB(158, 161, 117) New Net Color=RGB(19, 79, 92)
Change Net Color : Old Net Color=RGB(158, 161, 117) New Net Color=RGB(19, 79, 92)
Change Net Color : Old Net Color=RGB(158, 161, 117) New Net Color=RGB(53, 28, 117)
Change Net Color : Old Net Color=RGB(158, 161, 117) New Net Color=RGB(53, 28, 117)
Change Net Color : Old Net Color=RGB(158, 161, 117) New Net Color=Yellow
Change Net Color : Old Net Color=RGB(158, 161, 117) New Net Color=Yellow
Change Net Color : Old Net Color=RGB(158, 161, 117) New Net Color=Yellow
Change Net Color : Old Net Color=RGB(158, 161, 117) New Net Color=Yellow
